SF:lib/core/error/app_exception.dart
DA:5,1
DA:8,0
DA:10,0
DA:11,0
DA:19,1
DA:25,1
DA:30,1
DA:31,1
DA:32,1
DA:33,1
DA:34,1
DA:35,1
DA:36,1
DA:37,1
DA:38,1
DA:39,1
DA:43,1
DA:50,1
DA:51,1
DA:54,1
DA:55,1
DA:58,1
DA:59,1
DA:82,1
DA:83,2
DA:85,1
DA:86,1
DA:93,1
DA:94,1
DA:96,1
DA:98,2
DA:99,1
DA:101,3
DA:109,0
DA:111,0
DA:112,0
DA:115,0
DA:123,0
DA:125,0
LF:39
LH:30
end_of_record
SF:lib/core/error/error_handler.dart
DA:6,1
DA:7,1
DA:8,1
DA:14,1
DA:15,1
DA:18,1
DA:22,1
DA:23,1
DA:26,1
DA:30,0
DA:34,0
DA:41,0
DA:47,0
DA:49,0
DA:54,1
DA:56,2
DA:61,2
DA:62,2
DA:63,2
DA:64,1
DA:68,2
DA:69,1
DA:72,2
DA:76,1
LF:24
LH:19
end_of_record
SF:lib/features/settings/data/settings_repository.dart
DA:13,3
DA:16,3
DA:17,6
DA:22,3
DA:23,3
DA:30,3
DA:31,6
DA:32,6
DA:36,3
DA:37,6
DA:39,3
DA:40,3
DA:46,3
DA:48,3
DA:49,3
DA:50,2
DA:52,6
DA:55,3
DA:56,9
LF:19
LH:19
end_of_record
SF:lib/features/settings/domain/models/user_settings.dart
DA:10,1
DA:12,3
DA:15,3
DA:16,3
DA:21,3
DA:24,3
DA:25,3
DA:26,3
DA:46,3
DA:47,3
LF:10
LH:10
end_of_record
SF:lib/features/settings/domain/models/user_settings.g.dart
DA:9,3
DA:10,3
DA:11,3
DA:13,6
DA:14,3
DA:15,3
DA:18,3
DA:19,3
DA:20,6
DA:21,3
DA:22,3
LF:11
LH:11
end_of_record
SF:lib/features/settings/presentation/providers/settings_provider.g.dart
DA:20,1
DA:21,1
DA:31,1
DA:32,1
DA:34,1
DA:36,1
DA:39,1
DA:46,1
DA:49,1
DA:50,1
DA:52,1
DA:59,1
LF:12
LH:12
end_of_record
SF:lib/features/settings/presentation/providers/settings_provider.dart
DA:10,1
DA:12,3
DA:13,1
DA:17,1
DA:18,3
DA:19,1
DA:22,1
DA:23,5
DA:24,5
DA:27,2
DA:31,1
DA:32,1
DA:33,1
DA:34,3
DA:38,1
DA:39,1
DA:40,1
DA:41,3
LF:18
LH:18
end_of_record
SF:lib/features/settings/presentation/providers/theme_provider.g.dart
DA:29,1
DA:30,1
DA:40,1
DA:41,1
DA:43,1
DA:47,1
DA:49,0
DA:51,0
DA:55,1
DA:70,1
DA:71,1
DA:81,1
DA:82,1
DA:84,1
DA:86,1
DA:89,1
DA:90,1
DA:92,1
DA:97,1
DA:104,1
DA:107,1
DA:108,1
DA:110,1
DA:117,1
LF:24
LH:22
end_of_record
SF:lib/features/settings/presentation/providers/theme_provider.dart
DA:9,0
DA:11,0
DA:12,0
DA:19,1
DA:22,1
DA:26,1
DA:28,3
DA:29,1
DA:30,1
DA:37,1
DA:38,1
DA:40,3
DA:41,1
DA:49,1
DA:50,1
DA:51,1
DA:52,1
DA:53,1
DA:55,1
LF:19
LH:16
end_of_record
SF:lib/features/search/presentation/providers/search_history_provider.g.dart
DA:29,1
DA:30,1
DA:40,0
DA:41,0
DA:43,0
DA:47,0
DA:49,0
DA:51,0
DA:55,0
DA:75,1
DA:76,1
DA:86,0
DA:87,0
DA:89,0
DA:93,0
DA:95,0
DA:97,0
DA:101,0
DA:113,1
DA:114,1
DA:124,0
DA:125,0
DA:127,0
DA:129,0
DA:132,0
DA:138,0
DA:141,0
DA:142,0
DA:144,0
DA:151,0
LF:30
LH:6
end_of_record
SF:lib/features/search/presentation/providers/search_history_provider.dart
DA:8,0
DA:10,0
DA:14,0
DA:16,0
DA:17,0
DA:23,0
DA:25,0
DA:26,0
DA:29,0
DA:30,0
DA:32,0
DA:33,0
DA:34,0
DA:37,0
DA:38,0
DA:39,0
DA:40,0
DA:43,0
DA:44,0
DA:45,0
DA:46,0
LF:21
LH:0
end_of_record
SF:lib/features/search/data/search_history_repository.dart
DA:10,1
DA:13,1
DA:14,3
DA:19,1
DA:20,2
DA:22,1
DA:25,1
DA:28,1
DA:31,2
DA:32,2
DA:35,2
DA:39,1
DA:40,1
DA:41,1
DA:42,2
DA:46,1
DA:47,2
LF:17
LH:17
end_of_record
SF:lib/core/network/api_client.dart
DA:12,0
DA:16,0
DA:17,0
DA:20,0
DA:21,0
DA:25,0
DA:33,0
DA:37,0
DA:38,0
DA:39,0
DA:40,0
DA:42,0
DA:44,0
DA:54,0
DA:56,0
DA:57,0
DA:58,0
DA:59,0
DA:60,0
DA:61,0
DA:68,0
DA:71,0
DA:72,0
LF:23
LH:0
end_of_record
SF:lib/core/network/chopper_api_service.dart
DA:78,0
DA:79,0
LF:2
LH:0
end_of_record
SF:lib/features/auth/data/auth_repository.dart
DA:23,3
DA:25,0
DA:26,0
DA:35,2
DA:41,1
DA:42,1
DA:43,1
DA:44,1
DA:45,1
DA:55,1
DA:58,1
DA:65,4
DA:73,1
DA:74,1
DA:79,1
DA:82,0
DA:91,1
DA:96,4
DA:101,1
DA:102,1
DA:107,1
DA:110,0
DA:119,1
DA:121,3
DA:122,1
DA:124,0
DA:126,2
DA:129,1
DA:134,1
DA:135,1
DA:136,1
DA:140,0
DA:142,0
DA:144,0
DA:145,0
DA:148,0
DA:159,0
DA:164,0
DA:167,0
DA:176,1
DA:177,2
DA:178,1
DA:179,1
DA:183,1
DA:184,1
DA:185,1
DA:187,1
DA:188,1
DA:194,1
DA:195,1
DA:201,0
LF:51
LH:37
end_of_record
SF:lib/core/config/constants.dart
DA:11,0
LF:1
LH:0
end_of_record
SF:lib/core/network/token_manager.dart
DA:7,2
DA:8,2
DA:9,2
DA:13,3
DA:14,3
DA:15,3
DA:19,3
DA:20,3
DA:21,3
LF:9
LH:9
end_of_record
SF:lib/core/network/api_endpoints.dart
DA:5,0
DA:27,0
DA:30,0
DA:31,0
LF:4
LH:0
end_of_record
SF:lib/features/auth/domain/models/user.dart
DA:17,2
LF:1
LH:1
end_of_record
SF:lib/features/auth/domain/models/user.g.dart
DA:9,2
DA:10,2
DA:11,1
DA:12,1
DA:13,1
DA:14,1
DA:17,2
DA:18,1
DA:19,1
DA:20,1
DA:21,1
DA:22,1
LF:12
LH:12
end_of_record
SF:lib/features/auth/presentation/providers/auth_provider.dart
DA:11,0
DA:13,0
DA:14,0
DA:20,1
DA:26,1
DA:27,1
DA:30,1
DA:32,1
DA:33,1
DA:38,2
DA:39,1
DA:40,2
DA:41,1
DA:43,1
DA:44,1
DA:47,0
DA:48,0
DA:53,1
DA:57,1
DA:60,2
DA:61,1
DA:67,2
DA:70,1
DA:71,1
DA:72,1
DA:76,2
DA:77,1
DA:78,3
DA:80,1
DA:85,1
DA:91,1
DA:94,2
DA:95,1
DA:103,2
DA:106,1
DA:107,1
DA:108,1
DA:112,2
DA:113,1
DA:114,3
DA:116,0
DA:121,1
DA:122,1
DA:125,2
DA:126,1
DA:127,1
DA:130,1
DA:131,1
DA:136,0
DA:137,0
DA:138,0
LF:51
LH:42
end_of_record
SF:lib/features/auth/presentation/providers/auth_provider.g.dart
DA:22,1
DA:23,1
DA:33,0
DA:34,0
DA:36,0
DA:39,0
DA:41,0
DA:43,0
DA:47,1
DA:48,1
DA:50,1
DA:55,0
DA:65,1
DA:66,1
DA:76,1
DA:77,1
DA:79,1
DA:81,1
DA:84,0
DA:85,0
DA:87,0
DA:92,1
DA:98,1
DA:101,1
DA:102,1
DA:104,1
DA:111,1
LF:27
LH:17
end_of_record
SF:lib/core/network/api_provider.g.dart
DA:18,1
DA:19,1
DA:29,0
DA:30,0
DA:32,0
DA:35,0
DA:37,0
DA:39,0
DA:43,0
DA:44,0
DA:46,0
DA:51,0
DA:64,1
DA:65,1
DA:75,0
DA:76,0
DA:78,0
DA:82,0
DA:84,0
DA:86,0
DA:90,0
DA:91,0
DA:93,0
DA:98,0
LF:24
LH:4
end_of_record
SF:lib/core/network/api_provider.dart
DA:7,0
DA:9,0
DA:12,0
DA:14,0
DA:15,0
LF:5
LH:0
end_of_record
SF:lib/features/feeds/data/feeds_repository.dart
DA:8,1
DA:10,1
DA:11,1
DA:12,4
DA:13,5
LF:5
LH:5
end_of_record
SF:lib/core/data/base_repository.dart
DA:7,3
DA:12,3
DA:13,3
DA:14,6
DA:16,15
DA:17,3
DA:20,6
DA:21,3
DA:25,3
DA:26,3
DA:27,6
DA:28,4
DA:29,1
DA:30,2
DA:32,0
LF:15
LH:14
end_of_record
SF:lib/features/feeds/domain/models/post.dart
DA:24,6
LF:1
LH:1
end_of_record
SF:lib/features/feeds/domain/models/post.g.dart
DA:9,6
DA:10,3
DA:11,3
DA:12,3
DA:13,3
DA:14,6
DA:15,3
DA:17,3
DA:18,5
DA:19,3
DA:21,6
DA:22,6
DA:23,6
DA:24,6
DA:25,3
DA:28,2
DA:29,1
DA:30,1
DA:31,1
DA:32,1
DA:33,1
DA:34,1
DA:35,1
DA:36,1
DA:37,1
DA:38,1
DA:39,1
DA:40,1
LF:28
LH:28
end_of_record
SF:lib/features/feeds/data/comments_repository.dart
DA:9,1
DA:16,1
DA:21,1
DA:22,4
DA:23,2
DA:31,1
DA:35,1
DA:36,5
DA:37,2
DA:44,1
DA:45,1
DA:46,4
DA:47,1
DA:52,1
DA:53,1
DA:54,4
DA:57,2
DA:58,5
DA:60,0
DA:64,1
DA:66,1
DA:67,2
DA:68,2
DA:69,2
DA:70,1
DA:71,2
DA:72,2
DA:73,1
DA:74,2
DA:75,2
DA:76,2
DA:77,2
DA:78,1
LF:33
LH:32
end_of_record
SF:lib/features/feeds/domain/models/comment.dart
DA:25,0
DA:42,0
DA:49,0
DA:50,0
DA:51,0
DA:52,0
DA:53,0
DA:54,0
DA:58,0
DA:59,0
DA:60,0
DA:61,0
DA:62,0
DA:63,0
LF:14
LH:0
end_of_record
SF:lib/features/feeds/domain/models/comment.g.dart
DA:9,0
DA:10,0
DA:11,0
DA:12,0
DA:13,0
DA:14,0
DA:15,0
DA:16,0
DA:17,0
DA:18,0
DA:19,0
DA:20,0
DA:21,0
DA:24,0
DA:25,0
DA:26,0
DA:27,0
DA:28,0
DA:29,0
DA:30,0
DA:31,0
DA:32,0
DA:33,0
DA:34,0
DA:35,0
DA:36,0
LF:26
LH:0
end_of_record
SF:lib/features/create/data/create_post_repository.dart
DA:8,1
DA:10,1
DA:11,1
DA:12,5
DA:13,1
DA:14,2
DA:16,2
LF:7
LH:7
end_of_record
SF:lib/features/feeds/presentation/providers/feeds_provider.g.dart
DA:19,1
DA:20,1
DA:30,0
DA:31,0
DA:33,0
DA:36,0
DA:38,0
DA:40,0
DA:44,1
DA:45,1
DA:47,1
DA:52,0
DA:59,1
DA:60,1
DA:70,1
DA:71,1
DA:73,1
DA:75,1
DA:78,1
DA:82,1
DA:85,1
DA:86,1
DA:88,1
DA:95,1
LF:24
LH:17
end_of_record
SF:lib/features/feeds/presentation/providers/feeds_provider.dart
DA:9,0
DA:11,0
DA:12,0
DA:17,1
DA:20,1
DA:23,1
DA:26,1
DA:29,2
DA:30,4
DA:31,1
DA:32,1
DA:34,1
DA:36,1
DA:38,2
DA:39,2
DA:40,1
DA:41,1
DA:42,1
DA:43,1
DA:44,1
DA:45,2
DA:50,1
DA:51,0
DA:57,0
DA:58,0
DA:62,0
DA:63,0
DA:65,0
DA:66,0
DA:67,0
DA:69,0
DA:71,0
DA:72,0
DA:76,0
DA:78,0
DA:82,0
DA:83,0
DA:84,0
LF:38
LH:19
end_of_record
SF:lib/core/config/debug_config.dart
DA:8,0
LF:1
LH:0
end_of_record
SF:lib/core/validation/validators.dart
DA:6,0
DA:10,3
DA:11,3
DA:15,6
DA:19,6
DA:23,6
DA:32,3
DA:33,3
DA:37,6
DA:41,6
DA:45,6
DA:54,2
DA:55,2
DA:59,4
DA:63,4
DA:68,4
DA:72,4
DA:81,2
DA:82,2
DA:86,2
DA:95,1
DA:96,1
DA:101,2
DA:105,2
DA:114,0
DA:115,0
DA:116,0
DA:119,0
DA:120,0
DA:128,0
DA:135,0
DA:138,0
DA:139,0
DA:142,0
DA:143,0
DA:151,0
DA:152,0
DA:157,0
LF:38
LH:23
end_of_record
SF:lib/core/validation/validation_rules.dart
DA:20,9
DA:26,9
DA:28,0
DA:33,0
LF:4
LH:2
end_of_record
SF:lib/features/chat/domain/models/message.dart
DA:67,1
DA:68,1
DA:72,2
DA:75,2
DA:111,1
DA:112,1
LF:6
LH:6
end_of_record
SF:lib/features/chat/domain/models/message.g.dart
DA:9,1
DA:10,1
DA:11,1
DA:12,1
DA:13,1
DA:16,1
DA:17,1
DA:18,1
DA:19,1
DA:20,1
DA:23,2
DA:24,1
DA:25,1
DA:26,2
DA:27,1
DA:29,2
DA:32,2
DA:34,2
DA:35,1
DA:36,1
DA:39,2
DA:40,1
DA:41,1
DA:42,2
DA:43,1
DA:44,2
DA:45,2
DA:46,2
DA:47,1
DA:48,1
LF:30
LH:30
end_of_record
SF:lib/features/chat/data/message_repository.dart
DA:14,1
DA:17,1
DA:18,1
DA:23,1
DA:24,2
DA:27,5
DA:28,1
DA:29,1
DA:31,1
DA:35,1
DA:38,4
DA:39,2
DA:40,2
DA:41,1
DA:48,1
DA:49,1
DA:52,1
DA:53,2
DA:55,4
DA:56,1
DA:60,2
DA:61,1
DA:62,1
DA:64,1
DA:67,1
DA:68,1
DA:69,0
DA:71,2
DA:72,2
DA:75,2
DA:76,5
DA:78,4
DA:79,2
DA:80,1
DA:81,1
DA:90,1
DA:91,3
DA:92,1
DA:93,1
DA:97,1
DA:99,3
DA:100,1
DA:101,5
DA:104,0
DA:112,1
DA:113,1
DA:114,4
DA:116,2
DA:117,2
DA:118,1
DA:119,1
DA:126,1
DA:127,3
DA:135,0
DA:140,0
DA:141,0
DA:143,0
DA:144,0
DA:146,0
DA:147,0
DA:148,0
DA:149,0
DA:158,1
DA:159,1
DA:160,4
DA:162,1
DA:163,4
DA:168,4
DA:169,2
DA:170,1
DA:171,1
LF:71
LH:60
end_of_record
SF:lib/shared/widgets/autocomplete.dart
DA:29,1
DA:40,1
DA:43,1
DA:44,2
DA:45,1
DA:47,1
DA:48,1
DA:50,1
DA:51,1
DA:52,1
DA:53,1
LF:11
LH:11
end_of_record
